<?xml version="1.0" encoding="UTF-8"?>
<testng-results ignored="0" total="3" passed="3" failed="0" skipped="0">
  <reporter-output>
  </reporter-output>
  <suite started-at="2024-07-23T21:06:42 IST" name="Suite" finished-at="2024-07-23T21:07:20 IST" duration-ms="37883">
    <groups>
    </groups>
    <test started-at="2024-07-23T21:06:42 IST" name="ChromeTest" finished-at="2024-07-23T21:07:16 IST" duration-ms="33339">
      <class name="Selenium_Grid.ParallelTest">
        <test-method signature="crossBrowserTest(java.lang.String)[pri:0, instance:Selenium_Grid.ParallelTest@2b662a77]" started-at="2024-07-23T21:06:43 IST" name="crossBrowserTest" finished-at="2024-07-23T21:07:16 IST" duration-ms="33144" status="PASS">
          <params>
            <param index="0">
              <value>
                <![CDATA[Chrome]]>
              </value>
            </param>
          </params>
          <reporter-output>
          </reporter-output>
        </test-method> <!-- crossBrowserTest -->
      </class> <!-- Selenium_Grid.ParallelTest -->
    </test> <!-- ChromeTest -->
    <test started-at="2024-07-23T21:06:42 IST" name="EdgeTest" finished-at="2024-07-23T21:07:16 IST" duration-ms="33982">
      <class name="Selenium_Grid.ParallelTest">
        <test-method signature="crossBrowserTest(java.lang.String)[pri:0, instance:Selenium_Grid.ParallelTest@411f53a0]" started-at="2024-07-23T21:06:43 IST" name="crossBrowserTest" finished-at="2024-07-23T21:07:16 IST" duration-ms="33802" status="PASS">
          <params>
            <param index="0">
              <value>
                <![CDATA[Edge]]>
              </value>
            </param>
          </params>
          <reporter-output>
          </reporter-output>
        </test-method> <!-- crossBrowserTest -->
      </class> <!-- Selenium_Grid.ParallelTest -->
    </test> <!-- EdgeTest -->
    <test started-at="2024-07-23T21:06:42 IST" name="FirefoxTest" finished-at="2024-07-23T21:07:20 IST" duration-ms="37883">
      <class name="Selenium_Grid.ParallelTest">
        <test-method signature="crossBrowserTest(java.lang.String)[pri:0, instance:Selenium_Grid.ParallelTest@6771beb3]" started-at="2024-07-23T21:06:43 IST" name="crossBrowserTest" finished-at="2024-07-23T21:07:20 IST" duration-ms="37701" status="PASS">
          <params>
            <param index="0">
              <value>
                <![CDATA[Firefox]]>
              </value>
            </param>
          </params>
          <reporter-output>
          </reporter-output>
        </test-method> <!-- crossBrowserTest -->
      </class> <!-- Selenium_Grid.ParallelTest -->
    </test> <!-- FirefoxTest -->
  </suite> <!-- Suite -->
</testng-results>
